[2017-04-01T11:21:05,669][INFO ][o.e.n.Node               ] [] initializing ...
[2017-04-01T11:21:06,532][INFO ][o.e.e.NodeEnvironment    ] [SZUZuRF] using [1] data paths, mounts [[(C:)]], net usable_space [756.4gb], net total_space [872.4gb], spins? [unknown], types [NTFS]
[2017-04-01T11:21:06,538][INFO ][o.e.e.NodeEnvironment    ] [SZUZuRF] heap size [1.9gb], compressed ordinary object pointers [true]
[2017-04-01T11:21:06,645][INFO ][o.e.n.Node               ] node name [SZUZuRF] derived from node ID [SZUZuRFIRCeflnm86OQeLQ]; set [node.name] to override
[2017-04-01T11:21:06,647][INFO ][o.e.n.Node               ] version[5.3.0], pid[14912], build[3adb13b/2017-03-23T03:31:50.652Z], OS[Windows 10/10.0/amd64], JVM[Oracle Corporation/Java HotSpot(TM) 64-Bit Server VM/1.8.0_121/25.121-b13]
[2017-04-01T11:21:16,163][INFO ][o.e.p.PluginsService     ] [SZUZuRF] loaded module [aggs-matrix-stats]
[2017-04-01T11:21:16,164][INFO ][o.e.p.PluginsService     ] [SZUZuRF] loaded module [ingest-common]
[2017-04-01T11:21:16,164][INFO ][o.e.p.PluginsService     ] [SZUZuRF] loaded module [lang-expression]
[2017-04-01T11:21:16,164][INFO ][o.e.p.PluginsService     ] [SZUZuRF] loaded module [lang-groovy]
[2017-04-01T11:21:16,165][INFO ][o.e.p.PluginsService     ] [SZUZuRF] loaded module [lang-mustache]
[2017-04-01T11:21:16,165][INFO ][o.e.p.PluginsService     ] [SZUZuRF] loaded module [lang-painless]
[2017-04-01T11:21:16,165][INFO ][o.e.p.PluginsService     ] [SZUZuRF] loaded module [percolator]
[2017-04-01T11:21:16,165][INFO ][o.e.p.PluginsService     ] [SZUZuRF] loaded module [reindex]
[2017-04-01T11:21:16,165][INFO ][o.e.p.PluginsService     ] [SZUZuRF] loaded module [transport-netty3]
[2017-04-01T11:21:16,166][INFO ][o.e.p.PluginsService     ] [SZUZuRF] loaded module [transport-netty4]
[2017-04-01T11:21:16,166][INFO ][o.e.p.PluginsService     ] [SZUZuRF] no plugins loaded
[2017-04-01T11:21:28,009][INFO ][o.e.n.Node               ] initialized
[2017-04-01T11:21:53,841][INFO ][o.e.n.Node               ] [SZUZuRF] starting ...
[2017-04-01T11:21:55,316][INFO ][o.e.t.TransportService   ] [SZUZuRF] publish_address {127.0.0.1:9300}, bound_addresses {127.0.0.1:9300}, {[::1]:9300}
[2017-04-01T11:21:57,299][INFO ][o.e.n.Node               ] [SZUZuRF] stopping ...
[2017-04-01T11:21:58,703][INFO ][o.e.n.Node               ] [SZUZuRF] stopped
[2017-04-01T11:21:58,703][INFO ][o.e.n.Node               ] [SZUZuRF] closing ...
[2017-04-01T11:21:58,715][INFO ][o.e.n.Node               ] [SZUZuRF] closed
[2017-04-01T11:55:34,959][INFO ][o.e.n.Node               ] [] initializing ...
[2017-04-01T11:55:35,118][INFO ][o.e.e.NodeEnvironment    ] [SZUZuRF] using [1] data paths, mounts [[(C:)]], net usable_space [756.2gb], net total_space [872.4gb], spins? [unknown], types [NTFS]
[2017-04-01T11:55:35,119][INFO ][o.e.e.NodeEnvironment    ] [SZUZuRF] heap size [1.9gb], compressed ordinary object pointers [true]
[2017-04-01T11:55:35,148][INFO ][o.e.n.Node               ] node name [SZUZuRF] derived from node ID [SZUZuRFIRCeflnm86OQeLQ]; set [node.name] to override
[2017-04-01T11:55:35,151][INFO ][o.e.n.Node               ] version[5.3.0], pid[8760], build[3adb13b/2017-03-23T03:31:50.652Z], OS[Windows 10/10.0/amd64], JVM[Oracle Corporation/Java HotSpot(TM) 64-Bit Server VM/1.8.0_121/25.121-b13]
[2017-04-01T11:55:38,518][INFO ][o.e.p.PluginsService     ] [SZUZuRF] loaded module [aggs-matrix-stats]
[2017-04-01T11:55:38,819][INFO ][o.e.p.PluginsService     ] [SZUZuRF] loaded module [ingest-common]
[2017-04-01T11:55:38,896][INFO ][o.e.p.PluginsService     ] [SZUZuRF] loaded module [lang-expression]
[2017-04-01T11:55:38,969][INFO ][o.e.p.PluginsService     ] [SZUZuRF] loaded module [lang-groovy]
[2017-04-01T11:55:38,972][INFO ][o.e.p.PluginsService     ] [SZUZuRF] loaded module [lang-mustache]
[2017-04-01T11:55:38,976][INFO ][o.e.p.PluginsService     ] [SZUZuRF] loaded module [lang-painless]
[2017-04-01T11:55:38,980][INFO ][o.e.p.PluginsService     ] [SZUZuRF] loaded module [percolator]
[2017-04-01T11:55:38,982][INFO ][o.e.p.PluginsService     ] [SZUZuRF] loaded module [reindex]
[2017-04-01T11:55:38,984][INFO ][o.e.p.PluginsService     ] [SZUZuRF] loaded module [transport-netty3]
[2017-04-01T11:55:38,986][INFO ][o.e.p.PluginsService     ] [SZUZuRF] loaded module [transport-netty4]
[2017-04-01T11:55:38,987][INFO ][o.e.p.PluginsService     ] [SZUZuRF] no plugins loaded
[2017-04-01T11:55:47,883][INFO ][o.e.n.Node               ] initialized
[2017-04-01T11:55:47,893][INFO ][o.e.n.Node               ] [SZUZuRF] starting ...
[2017-04-01T11:55:52,986][INFO ][o.e.t.TransportService   ] [SZUZuRF] publish_address {127.0.0.1:9300}, bound_addresses {127.0.0.1:9300}, {[::1]:9300}
[2017-04-01T11:55:56,168][INFO ][o.e.c.s.ClusterService   ] [SZUZuRF] new_master {SZUZuRF}{SZUZuRFIRCeflnm86OQeLQ}{jDLni8ZOSoi5zS6Xa2eALw}{127.0.0.1}{127.0.0.1:9300}, reason: zen-disco-elected-as-master ([0] nodes joined)
[2017-04-01T11:55:57,166][INFO ][o.e.g.GatewayService     ] [SZUZuRF] recovered [1] indices into cluster_state
[2017-04-01T11:55:58,159][INFO ][o.e.c.r.a.AllocationService] [SZUZuRF] Cluster health status changed from [RED] to [YELLOW] (reason: [shards started [[.kibana][0]] ...]).
[2017-04-01T11:56:00,180][INFO ][o.e.h.n.Netty4HttpServerTransport] [SZUZuRF] publish_address {127.0.0.1:9200}, bound_addresses {127.0.0.1:9200}, {[::1]:9200}
[2017-04-01T11:56:00,212][INFO ][o.e.n.Node               ] [SZUZuRF] started
[2017-04-01T11:56:28,515][INFO ][o.e.c.m.MetaDataCreateIndexService] [SZUZuRF] [twitter] creating index, cause [auto(bulk api)], templates [], shards [5]/[1], mappings []
[2017-04-01T11:56:30,609][INFO ][o.e.c.m.MetaDataMappingService] [SZUZuRF] [twitter/AmabPDprQZORCzU0NAIn4w] create_mapping [tweet]
[2017-04-01T11:56:30,689][INFO ][o.e.c.m.MetaDataMappingService] [SZUZuRF] [twitter/AmabPDprQZORCzU0NAIn4w] update_mapping [tweet]
[2017-04-01T11:56:35,999][INFO ][o.e.c.m.MetaDataMappingService] [SZUZuRF] [twitter/AmabPDprQZORCzU0NAIn4w] update_mapping [tweet]
[2017-04-01T11:56:36,666][INFO ][o.e.c.m.MetaDataMappingService] [SZUZuRF] [twitter/AmabPDprQZORCzU0NAIn4w] update_mapping [tweet]
[2017-04-01T12:17:19,190][INFO ][o.e.c.m.MetaDataMappingService] [SZUZuRF] [.kibana/wXn9Df-cTO-jOqDW28EGZw] update_mapping [config]
[2017-04-01T12:17:36,565][INFO ][o.e.c.m.MetaDataMappingService] [SZUZuRF] [.kibana/wXn9Df-cTO-jOqDW28EGZw] create_mapping [search]
[2017-04-01T12:17:51,419][INFO ][o.e.c.m.MetaDataMappingService] [SZUZuRF] [.kibana/wXn9Df-cTO-jOqDW28EGZw] create_mapping [dashboard]
[2017-04-01T12:18:27,252][INFO ][o.e.c.m.MetaDataMappingService] [SZUZuRF] [.kibana/wXn9Df-cTO-jOqDW28EGZw] create_mapping [visualization]
[2017-04-01T12:21:47,241][INFO ][o.e.c.m.MetaDataMappingService] [SZUZuRF] [.kibana/wXn9Df-cTO-jOqDW28EGZw] create_mapping [timelion-sheet]
[2017-04-01T12:40:50,677][INFO ][o.e.c.m.MetaDataMappingService] [SZUZuRF] [.kibana/wXn9Df-cTO-jOqDW28EGZw] update_mapping [config]
[2017-04-01T22:26:01,397][WARN ][o.e.h.n.Netty4HttpServerTransport] [SZUZuRF] caught exception while handling client http traffic, closing connection [id: 0xa57d289c, L:/127.0.0.1:9200 - R:/127.0.0.1:62525]
java.io.IOException: Une connexion existante a dû être fermée par l’hôte distant
	at sun.nio.ch.SocketDispatcher.read0(Native Method) ~[?:?]
	at sun.nio.ch.SocketDispatcher.read(SocketDispatcher.java:43) ~[?:?]
	at sun.nio.ch.IOUtil.readIntoNativeBuffer(IOUtil.java:223) ~[?:?]
	at sun.nio.ch.IOUtil.read(IOUtil.java:197) ~[?:?]
	at sun.nio.ch.SocketChannelImpl.read(SocketChannelImpl.java:380) ~[?:?]
	at io.netty.buffer.PooledHeapByteBuf.setBytes(PooledHeapByteBuf.java:261) ~[netty-buffer-4.1.7.Final.jar:4.1.7.Final]
	at io.netty.buffer.AbstractByteBuf.writeBytes(AbstractByteBuf.java:1100) ~[netty-buffer-4.1.7.Final.jar:4.1.7.Final]
	at io.netty.channel.socket.nio.NioSocketChannel.doReadBytes(NioSocketChannel.java:366) ~[netty-transport-4.1.7.Final.jar:4.1.7.Final]
	at io.netty.channel.nio.AbstractNioByteChannel$NioByteUnsafe.read(AbstractNioByteChannel.java:118) [netty-transport-4.1.7.Final.jar:4.1.7.Final]
	at io.netty.channel.nio.NioEventLoop.processSelectedKey(NioEventLoop.java:642) [netty-transport-4.1.7.Final.jar:4.1.7.Final]
	at io.netty.channel.nio.NioEventLoop.processSelectedKeysPlain(NioEventLoop.java:527) [netty-transport-4.1.7.Final.jar:4.1.7.Final]
	at io.netty.channel.nio.NioEventLoop.processSelectedKeys(NioEventLoop.java:481) [netty-transport-4.1.7.Final.jar:4.1.7.Final]
	at io.netty.channel.nio.NioEventLoop.run(NioEventLoop.java:441) [netty-transport-4.1.7.Final.jar:4.1.7.Final]
	at io.netty.util.concurrent.SingleThreadEventExecutor$5.run(SingleThreadEventExecutor.java:858) [netty-common-4.1.7.Final.jar:4.1.7.Final]
	at java.lang.Thread.run(Thread.java:745) [?:1.8.0_121]
[2017-04-01T22:26:01,399][WARN ][o.e.h.n.Netty4HttpServerTransport] [SZUZuRF] caught exception while handling client http traffic, closing connection [id: 0xd4d18cb4, L:/127.0.0.1:9200 - R:/127.0.0.1:62720]
java.io.IOException: Une connexion existante a dû être fermée par l’hôte distant
	at sun.nio.ch.SocketDispatcher.read0(Native Method) ~[?:?]
	at sun.nio.ch.SocketDispatcher.read(SocketDispatcher.java:43) ~[?:?]
	at sun.nio.ch.IOUtil.readIntoNativeBuffer(IOUtil.java:223) ~[?:?]
	at sun.nio.ch.IOUtil.read(IOUtil.java:197) ~[?:?]
	at sun.nio.ch.SocketChannelImpl.read(SocketChannelImpl.java:380) ~[?:?]
	at io.netty.buffer.PooledHeapByteBuf.setBytes(PooledHeapByteBuf.java:261) ~[netty-buffer-4.1.7.Final.jar:4.1.7.Final]
	at io.netty.buffer.AbstractByteBuf.writeBytes(AbstractByteBuf.java:1100) ~[netty-buffer-4.1.7.Final.jar:4.1.7.Final]
	at io.netty.channel.socket.nio.NioSocketChannel.doReadBytes(NioSocketChannel.java:366) ~[netty-transport-4.1.7.Final.jar:4.1.7.Final]
	at io.netty.channel.nio.AbstractNioByteChannel$NioByteUnsafe.read(AbstractNioByteChannel.java:118) [netty-transport-4.1.7.Final.jar:4.1.7.Final]
	at io.netty.channel.nio.NioEventLoop.processSelectedKey(NioEventLoop.java:642) [netty-transport-4.1.7.Final.jar:4.1.7.Final]
	at io.netty.channel.nio.NioEventLoop.processSelectedKeysPlain(NioEventLoop.java:527) [netty-transport-4.1.7.Final.jar:4.1.7.Final]
	at io.netty.channel.nio.NioEventLoop.processSelectedKeys(NioEventLoop.java:481) [netty-transport-4.1.7.Final.jar:4.1.7.Final]
	at io.netty.channel.nio.NioEventLoop.run(NioEventLoop.java:441) [netty-transport-4.1.7.Final.jar:4.1.7.Final]
	at io.netty.util.concurrent.SingleThreadEventExecutor$5.run(SingleThreadEventExecutor.java:858) [netty-common-4.1.7.Final.jar:4.1.7.Final]
	at java.lang.Thread.run(Thread.java:745) [?:1.8.0_121]
[2017-04-01T22:26:01,400][WARN ][o.e.h.n.Netty4HttpServerTransport] [SZUZuRF] caught exception while handling client http traffic, closing connection [id: 0x3117e104, L:/127.0.0.1:9200 - R:/127.0.0.1:62501]
java.io.IOException: Une connexion existante a dû être fermée par l’hôte distant
	at sun.nio.ch.SocketDispatcher.read0(Native Method) ~[?:?]
	at sun.nio.ch.SocketDispatcher.read(SocketDispatcher.java:43) ~[?:?]
	at sun.nio.ch.IOUtil.readIntoNativeBuffer(IOUtil.java:223) ~[?:?]
	at sun.nio.ch.IOUtil.read(IOUtil.java:197) ~[?:?]
	at sun.nio.ch.SocketChannelImpl.read(SocketChannelImpl.java:380) ~[?:?]
	at io.netty.buffer.PooledHeapByteBuf.setBytes(PooledHeapByteBuf.java:261) ~[netty-buffer-4.1.7.Final.jar:4.1.7.Final]
	at io.netty.buffer.AbstractByteBuf.writeBytes(AbstractByteBuf.java:1100) ~[netty-buffer-4.1.7.Final.jar:4.1.7.Final]
	at io.netty.channel.socket.nio.NioSocketChannel.doReadBytes(NioSocketChannel.java:366) ~[netty-transport-4.1.7.Final.jar:4.1.7.Final]
	at io.netty.channel.nio.AbstractNioByteChannel$NioByteUnsafe.read(AbstractNioByteChannel.java:118) [netty-transport-4.1.7.Final.jar:4.1.7.Final]
	at io.netty.channel.nio.NioEventLoop.processSelectedKey(NioEventLoop.java:642) [netty-transport-4.1.7.Final.jar:4.1.7.Final]
	at io.netty.channel.nio.NioEventLoop.processSelectedKeysPlain(NioEventLoop.java:527) [netty-transport-4.1.7.Final.jar:4.1.7.Final]
	at io.netty.channel.nio.NioEventLoop.processSelectedKeys(NioEventLoop.java:481) [netty-transport-4.1.7.Final.jar:4.1.7.Final]
	at io.netty.channel.nio.NioEventLoop.run(NioEventLoop.java:441) [netty-transport-4.1.7.Final.jar:4.1.7.Final]
	at io.netty.util.concurrent.SingleThreadEventExecutor$5.run(SingleThreadEventExecutor.java:858) [netty-common-4.1.7.Final.jar:4.1.7.Final]
	at java.lang.Thread.run(Thread.java:745) [?:1.8.0_121]
[2017-04-01T22:26:01,465][WARN ][o.e.h.n.Netty4HttpServerTransport] [SZUZuRF] caught exception while handling client http traffic, closing connection [id: 0x1d33ef8c, L:/127.0.0.1:9200 - R:/127.0.0.1:64011]
java.io.IOException: Une connexion existante a dû être fermée par l’hôte distant
	at sun.nio.ch.SocketDispatcher.read0(Native Method) ~[?:?]
	at sun.nio.ch.SocketDispatcher.read(SocketDispatcher.java:43) ~[?:?]
	at sun.nio.ch.IOUtil.readIntoNativeBuffer(IOUtil.java:223) ~[?:?]
	at sun.nio.ch.IOUtil.read(IOUtil.java:197) ~[?:?]
	at sun.nio.ch.SocketChannelImpl.read(SocketChannelImpl.java:380) ~[?:?]
	at io.netty.buffer.PooledHeapByteBuf.setBytes(PooledHeapByteBuf.java:261) ~[netty-buffer-4.1.7.Final.jar:4.1.7.Final]
	at io.netty.buffer.AbstractByteBuf.writeBytes(AbstractByteBuf.java:1100) ~[netty-buffer-4.1.7.Final.jar:4.1.7.Final]
	at io.netty.channel.socket.nio.NioSocketChannel.doReadBytes(NioSocketChannel.java:366) ~[netty-transport-4.1.7.Final.jar:4.1.7.Final]
	at io.netty.channel.nio.AbstractNioByteChannel$NioByteUnsafe.read(AbstractNioByteChannel.java:118) [netty-transport-4.1.7.Final.jar:4.1.7.Final]
	at io.netty.channel.nio.NioEventLoop.processSelectedKey(NioEventLoop.java:642) [netty-transport-4.1.7.Final.jar:4.1.7.Final]
	at io.netty.channel.nio.NioEventLoop.processSelectedKeysPlain(NioEventLoop.java:527) [netty-transport-4.1.7.Final.jar:4.1.7.Final]
	at io.netty.channel.nio.NioEventLoop.processSelectedKeys(NioEventLoop.java:481) [netty-transport-4.1.7.Final.jar:4.1.7.Final]
	at io.netty.channel.nio.NioEventLoop.run(NioEventLoop.java:441) [netty-transport-4.1.7.Final.jar:4.1.7.Final]
	at io.netty.util.concurrent.SingleThreadEventExecutor$5.run(SingleThreadEventExecutor.java:858) [netty-common-4.1.7.Final.jar:4.1.7.Final]
	at java.lang.Thread.run(Thread.java:745) [?:1.8.0_121]
[2017-04-01T22:26:01,465][WARN ][o.e.h.n.Netty4HttpServerTransport] [SZUZuRF] caught exception while handling client http traffic, closing connection [id: 0xb7dd736f, L:/127.0.0.1:9200 - R:/127.0.0.1:64010]
java.io.IOException: Une connexion existante a dû être fermée par l’hôte distant
	at sun.nio.ch.SocketDispatcher.read0(Native Method) ~[?:?]
	at sun.nio.ch.SocketDispatcher.read(SocketDispatcher.java:43) ~[?:?]
	at sun.nio.ch.IOUtil.readIntoNativeBuffer(IOUtil.java:223) ~[?:?]
	at sun.nio.ch.IOUtil.read(IOUtil.java:197) ~[?:?]
	at sun.nio.ch.SocketChannelImpl.read(SocketChannelImpl.java:380) ~[?:?]
	at io.netty.buffer.PooledHeapByteBuf.setBytes(PooledHeapByteBuf.java:261) ~[netty-buffer-4.1.7.Final.jar:4.1.7.Final]
	at io.netty.buffer.AbstractByteBuf.writeBytes(AbstractByteBuf.java:1100) ~[netty-buffer-4.1.7.Final.jar:4.1.7.Final]
	at io.netty.channel.socket.nio.NioSocketChannel.doReadBytes(NioSocketChannel.java:366) ~[netty-transport-4.1.7.Final.jar:4.1.7.Final]
	at io.netty.channel.nio.AbstractNioByteChannel$NioByteUnsafe.read(AbstractNioByteChannel.java:118) [netty-transport-4.1.7.Final.jar:4.1.7.Final]
	at io.netty.channel.nio.NioEventLoop.processSelectedKey(NioEventLoop.java:642) [netty-transport-4.1.7.Final.jar:4.1.7.Final]
	at io.netty.channel.nio.NioEventLoop.processSelectedKeysPlain(NioEventLoop.java:527) [netty-transport-4.1.7.Final.jar:4.1.7.Final]
	at io.netty.channel.nio.NioEventLoop.processSelectedKeys(NioEventLoop.java:481) [netty-transport-4.1.7.Final.jar:4.1.7.Final]
	at io.netty.channel.nio.NioEventLoop.run(NioEventLoop.java:441) [netty-transport-4.1.7.Final.jar:4.1.7.Final]
	at io.netty.util.concurrent.SingleThreadEventExecutor$5.run(SingleThreadEventExecutor.java:858) [netty-common-4.1.7.Final.jar:4.1.7.Final]
	at java.lang.Thread.run(Thread.java:745) [?:1.8.0_121]
